d:\jrenderer\jrenderer-server\bin-int\debug-windows-x86_64\jengine\jengine.pch
d:\jrenderer\jrenderer-server\bin-int\debug-windows-x86_64\jengine\jengine.pdb
d:\jrenderer\jrenderer-server\bin-int\debug-windows-x86_64\jengine\jengine.idb
d:\jrenderer\jrenderer-server\bin-int\debug-windows-x86_64\jengine\jepch.obj
d:\jrenderer\jrenderer-server\bin-int\debug-windows-x86_64\jengine\openglrendererapi.obj
d:\jrenderer\jrenderer-server\bin-int\debug-windows-x86_64\jengine\openglcontext.obj
d:\jrenderer\jrenderer-server\bin-int\debug-windows-x86_64\jengine\openglbuffer.obj
d:\jrenderer\jrenderer-server\bin-int\debug-windows-x86_64\jengine\meshgenerator.obj
d:\jrenderer\jrenderer-server\bin-int\debug-windows-x86_64\jengine\mesh.obj
d:\jrenderer\jrenderer-server\bin-int\debug-windows-x86_64\jengine\vertexarray.obj
d:\jrenderer\jrenderer-server\bin-int\debug-windows-x86_64\jengine\shader.obj
d:\jrenderer\jrenderer-server\bin-int\debug-windows-x86_64\jengine\renderer.obj
d:\jrenderer\jrenderer-server\bin-int\debug-windows-x86_64\jengine\rendercommand.obj
d:\jrenderer\jrenderer-server\bin-int\debug-windows-x86_64\jengine\light.obj
d:\jrenderer\jrenderer-server\bin-int\debug-windows-x86_64\jengine\projectivecameracontroller.obj
d:\jrenderer\jrenderer-server\bin-int\debug-windows-x86_64\jengine\projectivecamera.obj
d:\jrenderer\jrenderer-server\bin-int\debug-windows-x86_64\jengine\buffer.obj
d:\jrenderer\jrenderer-server\bin-int\debug-windows-x86_64\jengine\imguilayer.obj
d:\jrenderer\jrenderer-server\bin-int\debug-windows-x86_64\jengine\imguibuid.obj
d:\jrenderer\jrenderer-server\bin-int\debug-windows-x86_64\jengine\timestep.obj
d:\jrenderer\jrenderer-server\bin-int\debug-windows-x86_64\jengine\log.obj
d:\jrenderer\jrenderer-server\bin-int\debug-windows-x86_64\jengine\layerstack.obj
d:\jrenderer\jrenderer-server\bin-int\debug-windows-x86_64\jengine\layer.obj
d:\jrenderer\jrenderer-server\bin-int\debug-windows-x86_64\jengine\application.obj
d:\jrenderer\jrenderer-server\bin-int\debug-windows-x86_64\jengine\windowswindow.obj
d:\jrenderer\jrenderer-server\bin-int\debug-windows-x86_64\jengine\windowstimestep.obj
d:\jrenderer\jrenderer-server\bin-int\debug-windows-x86_64\jengine\windowsinput.obj
d:\jrenderer\jrenderer-server\bin-int\debug-windows-x86_64\jengine\openglvertexarray.obj
d:\jrenderer\jrenderer-server\bin-int\debug-windows-x86_64\jengine\openglshader.obj
d:\jrenderer\jrenderer-server\bin\debug-windows-x86_64\jengine\jengine.lib
d:\jrenderer\jrenderer-server\jengine\..\bin\debug-windows-x86_64\jengine\jengine.lib
d:\jrenderer\jrenderer-server\bin-int\debug-windows-x86_64\jengine\jengine.tlog\cl.read.1.tlog
d:\jrenderer\jrenderer-server\bin-int\debug-windows-x86_64\jengine\jengine.tlog\cl.write.1.tlog
d:\jrenderer\jrenderer-server\bin-int\debug-windows-x86_64\jengine\jengine.tlog\cl.command.1.tlog
d:\jrenderer\jrenderer-server\bin-int\debug-windows-x86_64\jengine\jengine.tlog\lib-link.read.1.tlog
d:\jrenderer\jrenderer-server\bin-int\debug-windows-x86_64\jengine\jengine.tlog\lib-link.write.1.tlog
d:\jrenderer\jrenderer-server\bin-int\debug-windows-x86_64\jengine\jengine.tlog\lib.command.1.tlog
