  JEpch.cpp
  Application.cpp
  Layer.cpp
  LayerStack.cpp
  Log.cpp
  TimeStep.cpp
  ImGuiBuid.cpp
  ImGuiLayer.cpp
  Buffer.cpp
  ProjectiveCamera.cpp
  ProjectiveCameraController.cpp
  Light.cpp
  RenderCommand.cpp
  Renderer.cpp
  Shader.cpp
  VertexArray.cpp
  Mesh.cpp
D:\JRenderer\JRenderer-Server\JEngine\src\JEngine\Shape\Mesh.cpp(73,96): warning C4267: “参数”: 从“size_t”转换到“uint32_t”，可能丢失数据
D:\JRenderer\JRenderer-Server\JEngine\src\JEngine\Shape\Mesh.cpp(79,79): warning C4267: “参数”: 从“size_t”转换到“uint32_t”，可能丢失数据
  MeshGenerator.cpp
D:\JRenderer\JRenderer-Server\JEngine\src\JEngine\Shape\MeshGenerator.cpp(171,15): warning C4838: 从“int”转换到“uint32_t”需要收缩转换
D:\JRenderer\JRenderer-Server\JEngine\src\JEngine\Shape\MeshGenerator.cpp(171,17): warning C4838: 从“int”转换到“uint32_t”需要收缩转换
D:\JRenderer\JRenderer-Server\JEngine\src\JEngine\Shape\MeshGenerator.cpp(171,19): warning C4838: 从“int”转换到“uint32_t”需要收缩转换
  OpenGLBuffer.cpp
  OpenGLContext.cpp
  OpenGLRendererAPI.cpp
  正在生成代码...
  正在编译...
  OpenGLShader.cpp
  OpenGLVertexArray.cpp
D:\JRenderer\JRenderer-Server\JEngine\src\Platform\OpenGL\OpenGLVertexArray.cpp(59,4): warning C4312: “类型强制转换”: 从“const uint32_t”转换到更大的“const void *”
  WindowsInput.cpp
  WindowsTimeStep.cpp
  WindowsWindow.cpp
  正在生成代码...
  JEngine.vcxproj -> D:\JRenderer\JRenderer-Server\JEngine\..\bin\Debug-windows-x86_64\JEngine\JEngine.lib
